Using pre-set license
Built from '2020.3/release' branch; Version is '2020.3.15f2 (6cf78cb77498) revision 7141260'; Using compiler version '192528614'; Build Type 'Release'
OS: 'Windows 10 Home Single Language; OS build 19041.1110; Version 2004; 64bit' Language: 'en' Physical Memory: 3964 MB
BatchMode: 1, IsHumanControllingUs: 0, StartBugReporterOnCrash: 0, Is64bit: 1, IsPro: 0

 COMMAND LINE ARGUMENTS:
C:\Users\Rashif Azeldy\Documents\File Azel\2020.1.0f1\Editor\Unity.exe
-adb2
-batchMode
-noUpm
-name
AssetImportWorker1
-projectPath
C:/Users/Rashif Azeldy/Downloads/PTS Unity
-logFile
Logs/AssetImportWorker1.log
-srvPort
52780
Successfully changed project path to: C:/Users/Rashif Azeldy/Downloads/PTS Unity
C:/Users/Rashif Azeldy/Downloads/PTS Unity
Using Asset Import Pipeline V2.
Refreshing native plugins compatible for Editor in 541.15 ms, found 2 plugins.
Preloading 0 native plugins for Editor in 0.00 ms.
Initialize engine version: 2020.3.15f2 (6cf78cb77498)
[Subsystems] Discovering subsystems at path C:/Users/Rashif Azeldy/Documents/File Azel/2020.1.0f1/Editor/Data/Resources/UnitySubsystems
[Subsystems] Discovering subsystems at path C:/Users/Rashif Azeldy/Downloads/PTS Unity/Assets
GfxDevice: creating device client; threaded=0
Direct3D:
    Version:  Direct3D 11.0 [level 11.1]
    Renderer: AMD Radeon(TM) R3 Graphics (ID=0x98e4)
    Vendor:   
    VRAM:     1982 MB
    Driver:   27.20.1034.6
Initialize mono
Mono path[0] = 'C:/Users/Rashif Azeldy/Documents/File Azel/2020.1.0f1/Editor/Data/Managed'
Mono path[1] = 'C:/Users/Rashif Azeldy/Documents/File Azel/2020.1.0f1/Editor/Data/MonoBleedingEdge/lib/mono/unityjit'
Mono config path = 'C:/Users/Rashif Azeldy/Documents/File Azel/2020.1.0f1/Editor/Data/MonoBleedingEdge/etc'
Using monoOptions --debugger-agent=transport=dt_socket,embedding=1,server=y,suspend=n,address=127.0.0.1:56640
Begin MonoManager ReloadAssembly
